[2024-05-18 16:25:48,063: INFO: main: welcome to our custom logging]
[2024-05-23 13:09:22,630: INFO: common: yaml file: config\config.yaml loaded successfully]
[2024-05-23 13:09:22,633: INFO: common: yaml file: params.yaml loaded successfully]
[2024-05-23 13:10:25,267: INFO: common: yaml file: config\config.yaml loaded successfully]
[2024-05-23 13:10:25,269: INFO: common: yaml file: params.yaml loaded successfully]
[2024-05-23 13:10:59,500: INFO: common: yaml file: config\config.yaml loaded successfully]
[2024-05-23 13:10:59,503: INFO: common: yaml file: params.yaml loaded successfully]
[2024-05-23 13:12:41,061: INFO: common: yaml file: config\config.yaml loaded successfully]
[2024-05-23 13:12:41,063: INFO: common: yaml file: params.yaml loaded successfully]
[2024-05-23 13:12:46,424: INFO: common: yaml file: config\config.yaml loaded successfully]
[2024-05-23 13:12:46,425: INFO: common: yaml file: params.yaml loaded successfully]
[2024-05-23 17:56:17,832: INFO: common: yaml file: config\config.yaml loaded successfully]
[2024-05-23 17:56:17,834: INFO: common: yaml file: params.yaml loaded successfully]
[2024-05-23 17:56:17,836: INFO: common: created directory at: artifacts]
[2024-05-23 17:56:17,836: INFO: common: created directory at: artifacts/data_ingestion]
[2024-05-23 17:56:21,112: INFO: 1434958058: artifacts/data_ingestion/data.zip download! with following info: 
Connection: close
Content-Length: 7903594
Cache-Control: max-age=300
Content-Security-Policy: default-src 'none'; style-src 'unsafe-inline'; sandbox
Content-Type: application/zip
ETag: "dbc016a060da18070593b83afff580c9b300f0b6ea4147a7988433e04df246ca"
Strict-Transport-Security: max-age=31536000
X-Content-Type-Options: nosniff
X-Frame-Options: deny
X-XSS-Protection: 1; mode=block
X-GitHub-Request-Id: 39DC:22F576:368420:45B07C:664F35E9
Accept-Ranges: bytes
Date: Thu, 23 May 2024 12:26:19 GMT
Via: 1.1 varnish
X-Served-By: cache-del21748-DEL
X-Cache: MISS
X-Cache-Hits: 0
X-Timer: S1716467178.397630,VS0,VE721
Vary: Authorization,Accept-Encoding,Origin
Access-Control-Allow-Origin: *
Cross-Origin-Resource-Policy: cross-origin
X-Fastly-Request-ID: edec064c295b6528f5244a1ea02c7a5e60e4cbf9
Expires: Thu, 23 May 2024 12:31:19 GMT
Source-Age: 0

]
[2024-05-27 22:58:47,565: INFO: main: >>>>>> stage Data Ingestion stage started <<<<<<]
[2024-05-27 22:58:47,570: INFO: common: yaml file: config\config.yaml loaded successfully]
[2024-05-27 22:58:47,571: INFO: common: yaml file: params.yaml loaded successfully]
[2024-05-27 22:58:47,571: INFO: common: created directory at: artifacts]
[2024-05-27 22:58:47,572: INFO: common: created directory at: artifacts/data_ingestion]
[2024-05-27 22:58:47,572: INFO: data_ingestion: File already exists of size: ~ 7718 KB]
[2024-05-27 22:58:47,760: INFO: main: >>>>>> stage Data Ingestion stage completed <<<<<<

x==========x]
[2024-05-28 11:37:05,916: INFO: common: yaml file: config\config.yaml loaded successfully]
[2024-05-28 11:37:05,924: INFO: common: yaml file: params.yaml loaded successfully]
[2024-05-28 11:37:05,926: INFO: common: created directory at: artifacts]
[2024-05-28 11:37:05,928: INFO: common: created directory at: artifacts/data_validation]
[2024-05-28 12:46:54,092: INFO: common: yaml file: config\config.yaml loaded successfully]
[2024-05-28 12:46:54,098: INFO: common: yaml file: params.yaml loaded successfully]
[2024-05-28 12:46:54,100: INFO: common: created directory at: artifacts]
[2024-05-28 12:46:54,101: INFO: common: created directory at: artifacts/data_validation]
[2024-05-28 12:47:23,857: INFO: common: yaml file: config\config.yaml loaded successfully]
[2024-05-28 12:47:23,860: INFO: common: yaml file: params.yaml loaded successfully]
[2024-05-28 12:47:23,862: INFO: common: created directory at: artifacts]
[2024-05-28 12:47:23,864: INFO: common: created directory at: artifacts/data_validation]
[2024-05-28 22:53:00,796: INFO: config: PyTorch version 2.3.0 available.]
[2024-05-28 22:53:04,518: INFO: common: yaml file: config\config.yaml loaded successfully]
[2024-05-28 22:53:04,521: INFO: common: yaml file: params.yaml loaded successfully]
[2024-05-28 22:53:04,523: INFO: common: created directory at: artifacts]
[2024-05-28 22:53:12,264: INFO: common: yaml file: config\config.yaml loaded successfully]
[2024-05-28 22:53:12,268: INFO: common: yaml file: params.yaml loaded successfully]
[2024-05-28 22:53:12,269: INFO: common: created directory at: artifacts]
[2024-05-28 22:53:35,590: INFO: common: yaml file: config\config.yaml loaded successfully]
[2024-05-28 22:53:35,594: INFO: common: yaml file: params.yaml loaded successfully]
[2024-05-28 22:53:35,596: INFO: common: created directory at: artifacts]
[2024-05-28 22:57:26,855: INFO: common: yaml file: config\config.yaml loaded successfully]
[2024-05-28 22:57:26,862: INFO: common: yaml file: params.yaml loaded successfully]
[2024-05-28 22:57:26,865: INFO: common: created directory at: artifacts]
[2024-05-28 22:57:26,868: INFO: common: created directory at: artifacts/model_trainer]
[2024-05-28 23:18:06,739: INFO: config: PyTorch version 2.3.0 available.]
[2024-05-28 23:18:15,324: INFO: common: yaml file: config\config.yaml loaded successfully]
[2024-05-28 23:18:15,338: INFO: common: yaml file: params.yaml loaded successfully]
[2024-05-28 23:18:15,339: INFO: common: created directory at: artifacts]
[2024-05-28 23:18:15,341: INFO: common: created directory at: artifacts/model_trainer]
[2024-05-28 23:38:10,526: WARNING: file_download: Error while downloading from https://huggingface.co/datasets/cnn_dailymail/resolve/96df5e686bee6baa90b8bee7c28b81fa3fa6223d/3.0.0/train-00000-of-00003.parquet: HTTPSConnectionPool(host='cdn-lfs.huggingface.co', port=443): Read timed out.
Trying to resume download...]
[2024-05-28 23:42:36,504: INFO: config: PyTorch version 2.3.0 available.]
[2024-05-28 23:42:39,555: INFO: common: yaml file: config\config.yaml loaded successfully]
[2024-05-28 23:42:39,562: INFO: common: yaml file: params.yaml loaded successfully]
[2024-05-28 23:42:39,563: INFO: common: created directory at: artifacts]
[2024-05-28 23:42:39,564: INFO: common: created directory at: artifacts/model_trainer]
[2024-05-29 00:17:36,770: INFO: common: yaml file: config\config.yaml loaded successfully]
[2024-05-29 00:17:36,775: INFO: common: yaml file: params.yaml loaded successfully]
[2024-05-29 00:17:36,776: INFO: common: created directory at: artifacts]
[2024-05-29 00:17:36,777: INFO: common: created directory at: artifacts/data_validation]
[2024-05-29 00:18:03,755: INFO: common: yaml file: config\config.yaml loaded successfully]
[2024-05-29 00:18:03,759: INFO: common: yaml file: params.yaml loaded successfully]
[2024-05-29 00:18:03,760: INFO: common: created directory at: artifacts]
[2024-05-29 00:18:03,761: INFO: common: created directory at: artifacts/data_validation]
[2024-05-29 00:21:01,857: INFO: common: yaml file: config\config.yaml loaded successfully]
[2024-05-29 00:21:01,859: INFO: common: yaml file: params.yaml loaded successfully]
[2024-05-29 00:21:01,860: INFO: common: created directory at: artifacts]
[2024-05-29 00:21:01,860: INFO: common: created directory at: artifacts/data_ingestion]
[2024-05-29 00:21:05,486: INFO: 1434958058: artifacts/data_ingestion/data.zip download! with following info: 
Connection: close
Content-Length: 7903594
Cache-Control: max-age=300
Content-Security-Policy: default-src 'none'; style-src 'unsafe-inline'; sandbox
Content-Type: application/zip
ETag: "dbc016a060da18070593b83afff580c9b300f0b6ea4147a7988433e04df246ca"
Strict-Transport-Security: max-age=31536000
X-Content-Type-Options: nosniff
X-Frame-Options: deny
X-XSS-Protection: 1; mode=block
X-GitHub-Request-Id: AF00:93F75:33AC0B:44DDE8:6656278E
Accept-Ranges: bytes
Date: Tue, 28 May 2024 18:51:01 GMT
Via: 1.1 varnish
X-Served-By: cache-del21728-DEL
X-Cache: MISS
X-Cache-Hits: 0
X-Timer: S1716922260.796187,VS0,VE1468
Vary: Authorization,Accept-Encoding,Origin
Access-Control-Allow-Origin: *
Cross-Origin-Resource-Policy: cross-origin
X-Fastly-Request-ID: 20e219024699b7b6f402d3fa4067d681c776e1c2
Expires: Tue, 28 May 2024 18:56:01 GMT
Source-Age: 1

]
[2024-05-29 00:21:39,687: INFO: common: yaml file: config\config.yaml loaded successfully]
[2024-05-29 00:21:39,689: INFO: common: yaml file: params.yaml loaded successfully]
[2024-05-29 00:21:39,690: INFO: common: created directory at: artifacts]
[2024-05-29 00:21:39,691: INFO: common: created directory at: artifacts/data_validation]
[2024-05-29 00:24:01,084: INFO: utils: Note: NumExpr detected 12 cores but "NUMEXPR_MAX_THREADS" not set, so enforcing safe limit of 8.]
[2024-05-29 00:24:01,084: INFO: utils: NumExpr defaulting to 8 threads.]
[2024-05-29 00:24:01,839: INFO: config: PyTorch version 2.3.0 available.]
[2024-05-29 00:27:04,982: INFO: utils: Note: NumExpr detected 12 cores but "NUMEXPR_MAX_THREADS" not set, so enforcing safe limit of 8.]
[2024-05-29 00:27:04,982: INFO: utils: NumExpr defaulting to 8 threads.]
[2024-05-29 00:27:05,207: INFO: config: PyTorch version 2.3.0 available.]
[2024-05-29 00:28:16,631: INFO: utils: Note: NumExpr detected 12 cores but "NUMEXPR_MAX_THREADS" not set, so enforcing safe limit of 8.]
[2024-05-29 00:28:16,631: INFO: utils: NumExpr defaulting to 8 threads.]
[2024-05-29 00:28:16,855: INFO: config: PyTorch version 2.3.0 available.]
[2024-05-29 00:28:17,902: INFO: main: >>>>>> stage Data Ingestion stage started <<<<<<]
[2024-05-29 00:28:17,905: INFO: common: yaml file: config\config.yaml loaded successfully]
[2024-05-29 00:28:17,906: INFO: common: yaml file: params.yaml loaded successfully]
[2024-05-29 00:28:17,906: INFO: common: created directory at: artifacts]
[2024-05-29 00:28:17,906: INFO: common: created directory at: artifacts/data_ingestion]
[2024-05-29 00:28:17,906: INFO: data_ingestion: File already exists of size: ~ 7718 KB]
[2024-05-29 00:28:18,079: INFO: main: >>>>>> stage Data Ingestion stage completed <<<<<<

x==========x]
[2024-05-29 00:28:18,079: INFO: main: >>>>>> stage Data Validation stage started <<<<<<]
[2024-05-29 00:28:18,081: INFO: common: yaml file: config\config.yaml loaded successfully]
[2024-05-29 00:28:18,082: INFO: common: yaml file: params.yaml loaded successfully]
[2024-05-29 00:28:18,082: INFO: common: created directory at: artifacts]
[2024-05-29 00:28:18,082: INFO: common: created directory at: artifacts/data_validation]
[2024-05-29 00:28:18,083: INFO: main: >>>>>> stage Data Validation stage completed <<<<<<

x==========x]
[2024-05-29 00:28:18,083: INFO: main: >>>>>> stage Data Transformation stage started <<<<<<]
[2024-05-29 00:28:18,086: INFO: common: yaml file: config\config.yaml loaded successfully]
[2024-05-29 00:28:18,087: INFO: common: yaml file: params.yaml loaded successfully]
[2024-05-29 00:28:18,087: INFO: common: created directory at: artifacts]
[2024-05-29 00:28:18,087: INFO: common: created directory at: artifacts/data_transformation]
[2024-05-29 00:28:23,644: INFO: main: >>>>>> stage Data Transformation stage completed <<<<<<

x==========x]
[2024-05-29 00:28:23,645: INFO: main: >>>>>> stage Model Trainer stage started <<<<<<]
[2024-05-29 00:28:23,647: INFO: common: yaml file: config\config.yaml loaded successfully]
[2024-05-29 00:28:23,649: INFO: common: yaml file: params.yaml loaded successfully]
[2024-05-29 00:28:23,649: INFO: common: created directory at: artifacts]
[2024-05-29 00:28:23,650: INFO: common: created directory at: artifacts/model_trainer]
[2024-05-29 00:28:46,227: ERROR: main: Using the `Trainer` with `PyTorch` requires `accelerate>=0.21.0`: Please run `pip install transformers[torch]` or `pip install accelerate -U`]
Traceback (most recent call last):
  File "D:\ML-Projects\Summarify\main.py", line 48, in <module>
    model_trainer.main()
  File "d:\ml-projects\summarify\src\textSummarizer\pipeline\stage_04_model_trainer.py", line 14, in main
    model_trainer_config.train()
  File "d:\ml-projects\summarify\src\textSummarizer\conponents\model_trainer.py", line 34, in train
    trainer_args = TrainingArguments(
                   ^^^^^^^^^^^^^^^^^^
  File "<string>", line 128, in __init__
  File "D:\anaconda\Lib\site-packages\transformers\training_args.py", line 1641, in __post_init__
    and (self.device.type == "cpu" and not is_torch_greater_or_equal_than_2_3)
         ^^^^^^^^^^^
  File "D:\anaconda\Lib\site-packages\transformers\training_args.py", line 2149, in device
    return self._setup_devices
           ^^^^^^^^^^^^^^^^^^^
  File "D:\anaconda\Lib\site-packages\transformers\utils\generic.py", line 59, in __get__
    cached = self.fget(obj)
             ^^^^^^^^^^^^^^
  File "D:\anaconda\Lib\site-packages\transformers\training_args.py", line 2055, in _setup_devices
    raise ImportError(
ImportError: Using the `Trainer` with `PyTorch` requires `accelerate>=0.21.0`: Please run `pip install transformers[torch]` or `pip install accelerate -U`
[2024-05-29 00:33:03,337: INFO: utils: Note: NumExpr detected 12 cores but "NUMEXPR_MAX_THREADS" not set, so enforcing safe limit of 8.]
[2024-05-29 00:33:03,337: INFO: utils: NumExpr defaulting to 8 threads.]
[2024-05-29 00:33:03,889: INFO: config: PyTorch version 2.3.0 available.]
[2024-05-29 00:33:06,321: INFO: main: >>>>>> stage Data Ingestion stage started <<<<<<]
[2024-05-29 00:33:06,324: INFO: common: yaml file: config\config.yaml loaded successfully]
[2024-05-29 00:33:06,326: INFO: common: yaml file: params.yaml loaded successfully]
[2024-05-29 00:33:06,326: INFO: common: created directory at: artifacts]
[2024-05-29 00:33:06,326: INFO: common: created directory at: artifacts/data_ingestion]
[2024-05-29 00:33:06,327: INFO: data_ingestion: File already exists of size: ~ 7718 KB]
[2024-05-29 00:33:06,442: INFO: main: >>>>>> stage Data Ingestion stage completed <<<<<<

x==========x]
[2024-05-29 00:33:06,442: INFO: main: >>>>>> stage Data Validation stage started <<<<<<]
[2024-05-29 00:33:06,444: INFO: common: yaml file: config\config.yaml loaded successfully]
[2024-05-29 00:33:06,445: INFO: common: yaml file: params.yaml loaded successfully]
[2024-05-29 00:33:06,446: INFO: common: created directory at: artifacts]
[2024-05-29 00:33:06,446: INFO: common: created directory at: artifacts/data_validation]
[2024-05-29 00:33:06,448: INFO: main: >>>>>> stage Data Validation stage completed <<<<<<

x==========x]
[2024-05-29 00:33:06,448: INFO: main: >>>>>> stage Data Transformation stage started <<<<<<]
[2024-05-29 00:33:06,450: INFO: common: yaml file: config\config.yaml loaded successfully]
[2024-05-29 00:33:06,451: INFO: common: yaml file: params.yaml loaded successfully]
[2024-05-29 00:33:06,451: INFO: common: created directory at: artifacts]
[2024-05-29 00:33:06,451: INFO: common: created directory at: artifacts/data_transformation]
[2024-05-29 00:33:08,872: INFO: main: >>>>>> stage Data Transformation stage completed <<<<<<

x==========x]
[2024-05-29 00:33:08,872: INFO: main: >>>>>> stage Model Trainer stage started <<<<<<]
[2024-05-29 00:33:08,875: INFO: common: yaml file: config\config.yaml loaded successfully]
[2024-05-29 00:33:08,876: INFO: common: yaml file: params.yaml loaded successfully]
[2024-05-29 00:33:08,877: INFO: common: created directory at: artifacts]
[2024-05-29 00:33:08,877: INFO: common: created directory at: artifacts/model_trainer]
[2024-05-29 00:39:31,707: INFO: utils: Note: NumExpr detected 12 cores but "NUMEXPR_MAX_THREADS" not set, so enforcing safe limit of 8.]
[2024-05-29 00:39:31,708: INFO: utils: NumExpr defaulting to 8 threads.]
[2024-05-29 00:39:32,236: INFO: config: PyTorch version 2.3.0 available.]
[2024-05-29 00:39:34,674: INFO: main: >>>>>> stage Data Ingestion stage started <<<<<<]
[2024-05-29 00:39:34,677: INFO: common: yaml file: config\config.yaml loaded successfully]
[2024-05-29 00:39:34,678: INFO: common: yaml file: params.yaml loaded successfully]
[2024-05-29 00:39:34,678: INFO: common: created directory at: artifacts]
[2024-05-29 00:39:34,678: INFO: common: created directory at: artifacts/data_ingestion]
[2024-05-29 00:39:34,679: INFO: data_ingestion: File already exists of size: ~ 7718 KB]
[2024-05-29 00:39:34,780: INFO: main: >>>>>> stage Data Ingestion stage completed <<<<<<

x==========x]
[2024-05-29 00:39:34,780: INFO: main: >>>>>> stage Data Validation stage started <<<<<<]
[2024-05-29 00:39:34,782: INFO: common: yaml file: config\config.yaml loaded successfully]
[2024-05-29 00:39:34,783: INFO: common: yaml file: params.yaml loaded successfully]
[2024-05-29 00:39:34,783: INFO: common: created directory at: artifacts]
[2024-05-29 00:39:34,784: INFO: common: created directory at: artifacts/data_validation]
[2024-05-29 00:39:34,786: INFO: main: >>>>>> stage Data Validation stage completed <<<<<<

x==========x]
[2024-05-29 00:39:34,786: INFO: main: >>>>>> stage Data Transformation stage started <<<<<<]
[2024-05-29 00:39:34,787: INFO: common: yaml file: config\config.yaml loaded successfully]
[2024-05-29 00:39:34,788: INFO: common: yaml file: params.yaml loaded successfully]
[2024-05-29 00:39:34,789: INFO: common: created directory at: artifacts]
[2024-05-29 00:39:34,789: INFO: common: created directory at: artifacts/data_transformation]
[2024-05-29 00:39:37,145: INFO: main: >>>>>> stage Data Transformation stage completed <<<<<<

x==========x]
[2024-05-29 00:39:37,145: INFO: main: >>>>>> stage Model Trainer stage started <<<<<<]
[2024-05-29 00:39:37,147: INFO: common: yaml file: config\config.yaml loaded successfully]
[2024-05-29 00:39:37,148: INFO: common: yaml file: params.yaml loaded successfully]
[2024-05-29 00:39:37,148: INFO: common: created directory at: artifacts]
[2024-05-29 00:39:37,148: INFO: common: created directory at: artifacts/model_trainer]
